<?xml version="1.0" encoding="UTF-8"?>
<testng-results skipped="0" failed="0" ignored="0" total="1" passed="1">
  <reporter-output>
  </reporter-output>
  <suite name="guru99_bankManager_V1" duration-ms="34842" started-at="2020-01-30T20:59:26 GMT" finished-at="2020-01-30T21:00:01 GMT">
    <groups>
    </groups>
    <test name="BankingApp Test" duration-ms="34842" started-at="2020-01-30T20:59:26 GMT" finished-at="2020-01-30T21:00:01 GMT">
      <class name="com.guru99_bankManager.testCases.TC_AddCustomerTest_003">
        <test-method status="PASS" signature="setUp(java.lang.String)[pri:0, instance:com.guru99_bankManager.testCases.TC_AddCustomerTest_003@61832929]" name="setUp" is-config="true" duration-ms="9195" started-at="2020-01-30T20:59:26 GMT" finished-at="2020-01-30T20:59:36 GMT">
          <params>
            <param index="0">
              <value>
                <![CDATA[chrome]]>
              </value>
            </param>
          </params>
          <reporter-output>
          </reporter-output>
        </test-method> <!-- setUp -->
        <test-method status="PASS" signature="addNewCustomer()[pri:0, instance:com.guru99_bankManager.testCases.TC_AddCustomerTest_003@61832929]" name="addNewCustomer" duration-ms="23734" started-at="2020-01-30T20:59:36 GMT" finished-at="2020-01-30T20:59:59 GMT">
          <reporter-output>
          </reporter-output>
        </test-method> <!-- addNewCustomer -->
        <test-method status="PASS" signature="tearDown()[pri:0, instance:com.guru99_bankManager.testCases.TC_AddCustomerTest_003@61832929]" name="tearDown" is-config="true" duration-ms="1362" started-at="2020-01-30T20:59:59 GMT" finished-at="2020-01-30T21:00:01 GMT">
          <reporter-output>
          </reporter-output>
        </test-method> <!-- tearDown -->
      </class> <!-- com.guru99_bankManager.testCases.TC_AddCustomerTest_003 -->
    </test> <!-- BankingApp Test -->
  </suite> <!-- guru99_bankManager_V1 -->
</testng-results>
